<?xml version="1.0" encoding="UTF-8"?>
<testsuite name="FileNameValidatorTest" tests="4" skipped="0" failures="0" errors="0" timestamp="2023-09-15T05:26:01" hostname="LAPTOP-JCVMHGAS" time="1.208">
  <properties/>
  <testcase name="testInvalidDate()" classname="FileNameValidatorTest" time="1.188"/>
  <testcase name="testInvalidFileLocation()" classname="FileNameValidatorTest" time="0.007"/>
  <testcase name="testValidFileName()" classname="FileNameValidatorTest" time="0.005"/>
  <testcase name="testInvalidFileName()" classname="FileNameValidatorTest" time="0.007"/>
  <system-out><![CDATA[07:26:02.764 [Test worker] ERROR org.jpm.FileNameValidator - File 'Test_A_31132022_01.csv' failed validation.
07:26:02.772 [Test worker] ERROR org.jpm.FileNameValidator - Valuation Date is not a valid date format 'ddmmyyyy'.
07:26:02.777 [Test worker] ERROR org.jpm.FileNameValidator - File 'Test_B_02292020_01.csv' failed validation.
07:26:02.777 [Test worker] ERROR org.jpm.FileNameValidator - Valuation Date is not a valid date format 'ddmmyyyy'.
07:26:02.788 [Test worker] ERROR org.jpm.FileNameValidator - File location is invalid or file does not exist.
07:26:02.797 [Test worker] INFO  org.jpm.FileNameValidator - File 'Test_A_07121987_01.csv' passed validation.
07:26:02.799 [Test worker] INFO  org.jpm.FileNameValidator - File 'Test_B_12122021_99.csv' passed validation.
07:26:02.800 [Test worker] INFO  org.jpm.FileNameValidator - File 'Test_C_07052023_42.csv' passed validation.
07:26:02.802 [Test worker] ERROR org.jpm.FileNameValidator - File 'Test_E_07121987_03.csv' failed validation.
07:26:02.802 [Test worker] ERROR org.jpm.FileNameValidator - PortfolioCode should be A/B/C found E.
07:26:02.802 [Test worker] ERROR org.jpm.FileNameValidator - File 'Test_A_07121987.txt' failed validation.
07:26:02.802 [Test worker] ERROR org.jpm.FileNameValidator - File format should be Test_<portfoliocode>_<ddmmyyyy>_<2digit-sequencenumber>.csv
07:26:02.803 [Test worker] ERROR org.jpm.FileNameValidator - File 'Test_A_07121987_04.txt' failed validation.
07:26:02.803 [Test worker] ERROR org.jpm.FileNameValidator - Invalid File format. Expected 'csv' found 'txt'
07:26:02.803 [Test worker] ERROR org.jpm.FileNameValidator - File 'InvalidPrefix_A_01012022_01.csv' failed validation.
07:26:02.803 [Test worker] ERROR org.jpm.FileNameValidator - Prefix for the file should be 'Test' found 'InvalidPrefix'.
07:26:02.804 [Test worker] ERROR org.jpm.FileNameValidator - File 'Test_X_01012022_01.csv' failed validation.
07:26:02.804 [Test worker] ERROR org.jpm.FileNameValidator - PortfolioCode should be A/B/C found X.
07:26:02.804 [Test worker] ERROR org.jpm.FileNameValidator - File 'Test_A_12345_01.csv' failed validation.
07:26:02.804 [Test worker] ERROR org.jpm.FileNameValidator - Valuation Date is not a valid date format 'ddmmyyyy'.
07:26:02.805 [Test worker] ERROR org.jpm.FileNameValidator - File 'Test_A_01012022_123.csv' failed validation.
07:26:02.805 [Test worker] ERROR org.jpm.FileNameValidator - Invalid sequence number '12'
07:26:02.806 [Test worker] ERROR org.jpm.FileNameValidator - File 'Test_A_01012022.csv' failed validation.
07:26:02.806 [Test worker] ERROR org.jpm.FileNameValidator - File format should be Test_<portfoliocode>_<ddmmyyyy>_<2digit-sequencenumber>.csv
07:26:02.806 [Test worker] ERROR org.jpm.FileNameValidator - File 'Test_A_0101202201.csv' failed validation.
07:26:02.806 [Test worker] ERROR org.jpm.FileNameValidator - File format should be Test_<portfoliocode>_<ddmmyyyy>_<2digit-sequencenumber>.csv
]]></system-out>
  <system-err><![CDATA[]]></system-err>
</testsuite>
